<?xml version="1.0" encoding="UTF-8"?>
<testsuite xmlns:xsi="http://www.w3.org/2001/XMLSchema-instance" xsi:noNamespaceSchemaLocation="https://maven.apache.org/surefire/maven-surefire-plugin/xsd/surefire-test-report.xsd" name="ucl.ac.uk.ibmpsmwithwatson.service.AssistantServiceTest" time="23.735" tests="1" errors="1" skipped="0" failures="0">
  <properties>
    <property name="sun.desktop" value="windows"/>
    <property name="awt.toolkit" value="sun.awt.windows.WToolkit"/>
    <property name="file.encoding.pkg" value="sun.io"/>
    <property name="java.specification.version" value="1.8"/>
    <property name="sun.cpu.isalist" value="amd64"/>
    <property name="sun.jnu.encoding" value="GBK"/>
    <property name="java.class.path" value="F:\UCL_CS\4\COMP0138\ibm-psm-with-watson\springboot\target\test-classes;F:\UCL_CS\4\COMP0138\ibm-psm-with-watson\springboot\target\classes;C:\Users\Kchiyoh\Documents\apache-maven-3.6.3-bin\LocalWareHouse\org\springframework\boot\spring-boot-starter-web\2.7.1\spring-boot-starter-web-2.7.1.jar;C:\Users\Kchiyoh\Documents\apache-maven-3.6.3-bin\LocalWareHouse\org\springframework\boot\spring-boot-starter\2.7.1\spring-boot-starter-2.7.1.jar;C:\Users\Kchiyoh\Documents\apache-maven-3.6.3-bin\LocalWareHouse\org\springframework\boot\spring-boot-starter-logging\2.7.1\spring-boot-starter-logging-2.7.1.jar;C:\Users\Kchiyoh\Documents\apache-maven-3.6.3-bin\LocalWareHouse\ch\qos\logback\logback-classic\1.2.11\logback-classic-1.2.11.jar;C:\Users\Kchiyoh\Documents\apache-maven-3.6.3-bin\LocalWareHouse\ch\qos\logback\logback-core\1.2.11\logback-core-1.2.11.jar;C:\Users\Kchiyoh\Documents\apache-maven-3.6.3-bin\LocalWareHouse\org\apache\logging\log4j\log4j-to-slf4j\2.17.2\log4j-to-slf4j-2.17.2.jar;C:\Users\Kchiyoh\Documents\apache-maven-3.6.3-bin\LocalWareHouse\org\apache\logging\log4j\log4j-api\2.17.2\log4j-api-2.17.2.jar;C:\Users\Kchiyoh\Documents\apache-maven-3.6.3-bin\LocalWareHouse\org\slf4j\jul-to-slf4j\1.7.36\jul-to-slf4j-1.7.36.jar;C:\Users\Kchiyoh\Documents\apache-maven-3.6.3-bin\LocalWareHouse\jakarta\annotation\jakarta.annotation-api\1.3.5\jakarta.annotation-api-1.3.5.jar;C:\Users\Kchiyoh\Documents\apache-maven-3.6.3-bin\LocalWareHouse\org\yaml\snakeyaml\1.30\snakeyaml-1.30.jar;C:\Users\Kchiyoh\Documents\apache-maven-3.6.3-bin\LocalWareHouse\org\springframework\boot\spring-boot-starter-json\2.7.1\spring-boot-starter-json-2.7.1.jar;C:\Users\Kchiyoh\Documents\apache-maven-3.6.3-bin\LocalWareHouse\com\fasterxml\jackson\datatype\jackson-datatype-jdk8\2.13.3\jackson-datatype-jdk8-2.13.3.jar;C:\Users\Kchiyoh\Documents\apache-maven-3.6.3-bin\LocalWareHouse\com\fasterxml\jackson\datatype\jackson-datatype-jsr310\2.13.3\jackson-datatype-jsr310-2.13.3.jar;C:\Users\Kchiyoh\Documents\apache-maven-3.6.3-bin\LocalWareHouse\com\fasterxml\jackson\module\jackson-module-parameter-names\2.13.3\jackson-module-parameter-names-2.13.3.jar;C:\Users\Kchiyoh\Documents\apache-maven-3.6.3-bin\LocalWareHouse\org\springframework\boot\spring-boot-starter-tomcat\2.7.1\spring-boot-starter-tomcat-2.7.1.jar;C:\Users\Kchiyoh\Documents\apache-maven-3.6.3-bin\LocalWareHouse\org\apache\tomcat\embed\tomcat-embed-core\9.0.64\tomcat-embed-core-9.0.64.jar;C:\Users\Kchiyoh\Documents\apache-maven-3.6.3-bin\LocalWareHouse\org\apache\tomcat\embed\tomcat-embed-el\9.0.64\tomcat-embed-el-9.0.64.jar;C:\Users\Kchiyoh\Documents\apache-maven-3.6.3-bin\LocalWareHouse\org\apache\tomcat\embed\tomcat-embed-websocket\9.0.64\tomcat-embed-websocket-9.0.64.jar;C:\Users\Kchiyoh\Documents\apache-maven-3.6.3-bin\LocalWareHouse\org\springframework\spring-web\5.3.21\spring-web-5.3.21.jar;C:\Users\Kchiyoh\Documents\apache-maven-3.6.3-bin\LocalWareHouse\org\springframework\spring-beans\5.3.21\spring-beans-5.3.21.jar;C:\Users\Kchiyoh\Documents\apache-maven-3.6.3-bin\LocalWareHouse\org\springframework\spring-webmvc\5.3.21\spring-webmvc-5.3.21.jar;C:\Users\Kchiyoh\Documents\apache-maven-3.6.3-bin\LocalWareHouse\org\springframework\spring-aop\5.3.21\spring-aop-5.3.21.jar;C:\Users\Kchiyoh\Documents\apache-maven-3.6.3-bin\LocalWareHouse\org\springframework\spring-context\5.3.21\spring-context-5.3.21.jar;C:\Users\Kchiyoh\Documents\apache-maven-3.6.3-bin\LocalWareHouse\org\springframework\spring-expression\5.3.21\spring-expression-5.3.21.jar;C:\Users\Kchiyoh\Documents\apache-maven-3.6.3-bin\LocalWareHouse\org\springframework\boot\spring-boot-starter-freemarker\2.7.1\spring-boot-starter-freemarker-2.7.1.jar;C:\Users\Kchiyoh\Documents\apache-maven-3.6.3-bin\LocalWareHouse\org\freemarker\freemarker\2.3.31\freemarker-2.3.31.jar;C:\Users\Kchiyoh\Documents\apache-maven-3.6.3-bin\LocalWareHouse\org\springframework\spring-context-support\5.3.21\spring-context-support-5.3.21.jar;C:\Users\Kchiyoh\Documents\apache-maven-3.6.3-bin\LocalWareHouse\org\springframework\boot\spring-boot-starter-test\2.7.1\spring-boot-starter-test-2.7.1.jar;C:\Users\Kchiyoh\Documents\apache-maven-3.6.3-bin\LocalWareHouse\org\springframework\boot\spring-boot-test\2.7.1\spring-boot-test-2.7.1.jar;C:\Users\Kchiyoh\Documents\apache-maven-3.6.3-bin\LocalWareHouse\org\springframework\boot\spring-boot-test-autoconfigure\2.7.1\spring-boot-test-autoconfigure-2.7.1.jar;C:\Users\Kchiyoh\Documents\apache-maven-3.6.3-bin\LocalWareHouse\com\jayway\jsonpath\json-path\2.7.0\json-path-2.7.0.jar;C:\Users\Kchiyoh\Documents\apache-maven-3.6.3-bin\LocalWareHouse\net\minidev\json-smart\2.4.8\json-smart-2.4.8.jar;C:\Users\Kchiyoh\Documents\apache-maven-3.6.3-bin\LocalWareHouse\net\minidev\accessors-smart\2.4.8\accessors-smart-2.4.8.jar;C:\Users\Kchiyoh\Documents\apache-maven-3.6.3-bin\LocalWareHouse\org\ow2\asm\asm\9.1\asm-9.1.jar;C:\Users\Kchiyoh\Documents\apache-maven-3.6.3-bin\LocalWareHouse\jakarta\xml\bind\jakarta.xml.bind-api\2.3.3\jakarta.xml.bind-api-2.3.3.jar;C:\Users\Kchiyoh\Documents\apache-maven-3.6.3-bin\LocalWareHouse\jakarta\activation\jakarta.activation-api\1.2.2\jakarta.activation-api-1.2.2.jar;C:\Users\Kchiyoh\Documents\apache-maven-3.6.3-bin\LocalWareHouse\org\assertj\assertj-core\3.22.0\assertj-core-3.22.0.jar;C:\Users\Kchiyoh\Documents\apache-maven-3.6.3-bin\LocalWareHouse\org\hamcrest\hamcrest\2.2\hamcrest-2.2.jar;C:\Users\Kchiyoh\Documents\apache-maven-3.6.3-bin\LocalWareHouse\org\junit\jupiter\junit-jupiter\5.8.2\junit-jupiter-5.8.2.jar;C:\Users\Kchiyoh\Documents\apache-maven-3.6.3-bin\LocalWareHouse\org\junit\jupiter\junit-jupiter-api\5.8.2\junit-jupiter-api-5.8.2.jar;C:\Users\Kchiyoh\Documents\apache-maven-3.6.3-bin\LocalWareHouse\org\opentest4j\opentest4j\1.2.0\opentest4j-1.2.0.jar;C:\Users\Kchiyoh\Documents\apache-maven-3.6.3-bin\LocalWareHouse\org\junit\platform\junit-platform-commons\1.8.2\junit-platform-commons-1.8.2.jar;C:\Users\Kchiyoh\Documents\apache-maven-3.6.3-bin\LocalWareHouse\org\apiguardian\apiguardian-api\1.1.2\apiguardian-api-1.1.2.jar;C:\Users\Kchiyoh\Documents\apache-maven-3.6.3-bin\LocalWareHouse\org\junit\jupiter\junit-jupiter-params\5.8.2\junit-jupiter-params-5.8.2.jar;C:\Users\Kchiyoh\Documents\apache-maven-3.6.3-bin\LocalWareHouse\org\junit\jupiter\junit-jupiter-engine\5.8.2\junit-jupiter-engine-5.8.2.jar;C:\Users\Kchiyoh\Documents\apache-maven-3.6.3-bin\LocalWareHouse\org\junit\platform\junit-platform-engine\1.8.2\junit-platform-engine-1.8.2.jar;C:\Users\Kchiyoh\Documents\apache-maven-3.6.3-bin\LocalWareHouse\org\mockito\mockito-core\4.5.1\mockito-core-4.5.1.jar;C:\Users\Kchiyoh\Documents\apache-maven-3.6.3-bin\LocalWareHouse\net\bytebuddy\byte-buddy\1.12.11\byte-buddy-1.12.11.jar;C:\Users\Kchiyoh\Documents\apache-maven-3.6.3-bin\LocalWareHouse\net\bytebuddy\byte-buddy-agent\1.12.11\byte-buddy-agent-1.12.11.jar;C:\Users\Kchiyoh\Documents\apache-maven-3.6.3-bin\LocalWareHouse\org\objenesis\objenesis\3.2\objenesis-3.2.jar;C:\Users\Kchiyoh\Documents\apache-maven-3.6.3-bin\LocalWareHouse\org\mockito\mockito-junit-jupiter\4.5.1\mockito-junit-jupiter-4.5.1.jar;C:\Users\Kchiyoh\Documents\apache-maven-3.6.3-bin\LocalWareHouse\org\skyscreamer\jsonassert\1.5.0\jsonassert-1.5.0.jar;C:\Users\Kchiyoh\Documents\apache-maven-3.6.3-bin\LocalWareHouse\com\vaadin\external\google\android-json\0.0.20131108.vaadin1\android-json-0.0.20131108.vaadin1.jar;C:\Users\Kchiyoh\Documents\apache-maven-3.6.3-bin\LocalWareHouse\org\springframework\spring-core\5.3.21\spring-core-5.3.21.jar;C:\Users\Kchiyoh\Documents\apache-maven-3.6.3-bin\LocalWareHouse\org\springframework\spring-jcl\5.3.21\spring-jcl-5.3.21.jar;C:\Users\Kchiyoh\Documents\apache-maven-3.6.3-bin\LocalWareHouse\org\springframework\spring-test\5.3.21\spring-test-5.3.21.jar;C:\Users\Kchiyoh\Documents\apache-maven-3.6.3-bin\LocalWareHouse\org\xmlunit\xmlunit-core\2.9.0\xmlunit-core-2.9.0.jar;C:\Users\Kchiyoh\Documents\apache-maven-3.6.3-bin\LocalWareHouse\org\springframework\boot\spring-boot-devtools\2.7.1\spring-boot-devtools-2.7.1.jar;C:\Users\Kchiyoh\Documents\apache-maven-3.6.3-bin\LocalWareHouse\org\springframework\boot\spring-boot\2.7.1\spring-boot-2.7.1.jar;C:\Users\Kchiyoh\Documents\apache-maven-3.6.3-bin\LocalWareHouse\org\springframework\boot\spring-boot-autoconfigure\2.7.1\spring-boot-autoconfigure-2.7.1.jar;C:\Users\Kchiyoh\Documents\apache-maven-3.6.3-bin\LocalWareHouse\org\springframework\boot\spring-boot-configuration-processor\2.7.1\spring-boot-configuration-processor-2.7.1.jar;C:\Users\Kchiyoh\Documents\apache-maven-3.6.3-bin\LocalWareHouse\org\projectlombok\lombok\1.18.24\lombok-1.18.24.jar;C:\Users\Kchiyoh\Documents\apache-maven-3.6.3-bin\LocalWareHouse\cn\hutool\hutool-all\5.8.11\hutool-all-5.8.11.jar;C:\Users\Kchiyoh\Documents\apache-maven-3.6.3-bin\LocalWareHouse\com\squareup\okhttp3\okhttp\4.10.0\okhttp-4.10.0.jar;C:\Users\Kchiyoh\Documents\apache-maven-3.6.3-bin\LocalWareHouse\com\squareup\okio\okio-jvm\3.0.0\okio-jvm-3.0.0.jar;C:\Users\Kchiyoh\Documents\apache-maven-3.6.3-bin\LocalWareHouse\org\jetbrains\kotlin\kotlin-stdlib-jdk8\1.6.21\kotlin-stdlib-jdk8-1.6.21.jar;C:\Users\Kchiyoh\Documents\apache-maven-3.6.3-bin\LocalWareHouse\org\jetbrains\kotlin\kotlin-stdlib-jdk7\1.6.21\kotlin-stdlib-jdk7-1.6.21.jar;C:\Users\Kchiyoh\Documents\apache-maven-3.6.3-bin\LocalWareHouse\org\jetbrains\kotlin\kotlin-stdlib-common\1.6.21\kotlin-stdlib-common-1.6.21.jar;C:\Users\Kchiyoh\Documents\apache-maven-3.6.3-bin\LocalWareHouse\org\jetbrains\kotlin\kotlin-stdlib\1.6.21\kotlin-stdlib-1.6.21.jar;C:\Users\Kchiyoh\Documents\apache-maven-3.6.3-bin\LocalWareHouse\org\jetbrains\annotations\13.0\annotations-13.0.jar;C:\Users\Kchiyoh\Documents\apache-maven-3.6.3-bin\LocalWareHouse\com\auth0\java-jwt\4.2.1\java-jwt-4.2.1.jar;C:\Users\Kchiyoh\Documents\apache-maven-3.6.3-bin\LocalWareHouse\com\fasterxml\jackson\core\jackson-databind\2.13.3\jackson-databind-2.13.3.jar;C:\Users\Kchiyoh\Documents\apache-maven-3.6.3-bin\LocalWareHouse\com\fasterxml\jackson\core\jackson-annotations\2.13.3\jackson-annotations-2.13.3.jar;C:\Users\Kchiyoh\Documents\apache-maven-3.6.3-bin\LocalWareHouse\com\fasterxml\jackson\core\jackson-core\2.13.3\jackson-core-2.13.3.jar;C:\Users\Kchiyoh\Documents\apache-maven-3.6.3-bin\LocalWareHouse\io\jsonwebtoken\jjwt\0.9.1\jjwt-0.9.1.jar;C:\Users\Kchiyoh\Documents\apache-maven-3.6.3-bin\LocalWareHouse\com\sun\mail\javax.mail\1.6.2\javax.mail-1.6.2.jar;C:\Users\Kchiyoh\Documents\apache-maven-3.6.3-bin\LocalWareHouse\javax\activation\activation\1.1\activation-1.1.jar;C:\Users\Kchiyoh\Documents\apache-maven-3.6.3-bin\LocalWareHouse\com\ibm\watson\ibm-watson\10.1.0\ibm-watson-10.1.0.jar;C:\Users\Kchiyoh\Documents\apache-maven-3.6.3-bin\LocalWareHouse\com\ibm\watson\assistant\10.1.0\assistant-10.1.0.jar;C:\Users\Kchiyoh\Documents\apache-maven-3.6.3-bin\LocalWareHouse\com\ibm\cloud\sdk-core\9.17.3\sdk-core-9.17.3.jar;C:\Users\Kchiyoh\Documents\apache-maven-3.6.3-bin\LocalWareHouse\com\squareup\okhttp3\logging-interceptor\4.9.3\logging-interceptor-4.9.3.jar;C:\Users\Kchiyoh\Documents\apache-maven-3.6.3-bin\LocalWareHouse\com\squareup\okhttp3\okhttp-urlconnection\4.9.3\okhttp-urlconnection-4.9.3.jar;C:\Users\Kchiyoh\Documents\apache-maven-3.6.3-bin\LocalWareHouse\commons-codec\commons-codec\1.15\commons-codec-1.15.jar;C:\Users\Kchiyoh\Documents\apache-maven-3.6.3-bin\LocalWareHouse\commons-io\commons-io\2.7\commons-io-2.7.jar;C:\Users\Kchiyoh\Documents\apache-maven-3.6.3-bin\LocalWareHouse\org\apache\commons\commons-lang3\3.12.0\commons-lang3-3.12.0.jar;C:\Users\Kchiyoh\Documents\apache-maven-3.6.3-bin\LocalWareHouse\com\google\guava\guava\30.1.1-jre\guava-30.1.1-jre.jar;C:\Users\Kchiyoh\Documents\apache-maven-3.6.3-bin\LocalWareHouse\com\google\guava\failureaccess\1.0.1\failureaccess-1.0.1.jar;C:\Users\Kchiyoh\Documents\apache-maven-3.6.3-bin\LocalWareHouse\com\google\guava\listenablefuture\9999.0-empty-to-avoid-conflict-with-guava\listenablefuture-9999.0-empty-to-avoid-conflict-with-guava.jar;C:\Users\Kchiyoh\Documents\apache-maven-3.6.3-bin\LocalWareHouse\com\google\code\findbugs\jsr305\3.0.2\jsr305-3.0.2.jar;C:\Users\Kchiyoh\Documents\apache-maven-3.6.3-bin\LocalWareHouse\org\checkerframework\checker-qual\3.8.0\checker-qual-3.8.0.jar;C:\Users\Kchiyoh\Documents\apache-maven-3.6.3-bin\LocalWareHouse\com\google\errorprone\error_prone_annotations\2.5.1\error_prone_annotations-2.5.1.jar;C:\Users\Kchiyoh\Documents\apache-maven-3.6.3-bin\LocalWareHouse\com\google\j2objc\j2objc-annotations\1.3\j2objc-annotations-1.3.jar;C:\Users\Kchiyoh\Documents\apache-maven-3.6.3-bin\LocalWareHouse\com\google\code\gson\gson\2.9.0\gson-2.9.0.jar;C:\Users\Kchiyoh\Documents\apache-maven-3.6.3-bin\LocalWareHouse\io\reactivex\rxjava2\rxjava\2.2.21\rxjava-2.2.21.jar;C:\Users\Kchiyoh\Documents\apache-maven-3.6.3-bin\LocalWareHouse\org\reactivestreams\reactive-streams\1.0.4\reactive-streams-1.0.4.jar;C:\Users\Kchiyoh\Documents\apache-maven-3.6.3-bin\LocalWareHouse\com\ibm\watson\common\10.1.0\common-10.1.0.jar;C:\Users\Kchiyoh\Documents\apache-maven-3.6.3-bin\LocalWareHouse\com\ibm\watson\discovery\10.1.0\discovery-10.1.0.jar;C:\Users\Kchiyoh\Documents\apache-maven-3.6.3-bin\LocalWareHouse\com\ibm\watson\language-translator\10.1.0\language-translator-10.1.0.jar;C:\Users\Kchiyoh\Documents\apache-maven-3.6.3-bin\LocalWareHouse\com\ibm\watson\natural-language-understanding\10.1.0\natural-language-understanding-10.1.0.jar;C:\Users\Kchiyoh\Documents\apache-maven-3.6.3-bin\LocalWareHouse\com\ibm\watson\speech-to-text\10.1.0\speech-to-text-10.1.0.jar;C:\Users\Kchiyoh\Documents\apache-maven-3.6.3-bin\LocalWareHouse\com\ibm\watson\text-to-speech\10.1.0\text-to-speech-10.1.0.jar;C:\Users\Kchiyoh\Documents\apache-maven-3.6.3-bin\LocalWareHouse\io\springfox\springfox-boot-starter\3.0.0\springfox-boot-starter-3.0.0.jar;C:\Users\Kchiyoh\Documents\apache-maven-3.6.3-bin\LocalWareHouse\io\springfox\springfox-oas\3.0.0\springfox-oas-3.0.0.jar;C:\Users\Kchiyoh\Documents\apache-maven-3.6.3-bin\LocalWareHouse\io\swagger\core\v3\swagger-annotations\2.1.2\swagger-annotations-2.1.2.jar;C:\Users\Kchiyoh\Documents\apache-maven-3.6.3-bin\LocalWareHouse\io\swagger\core\v3\swagger-models\2.1.2\swagger-models-2.1.2.jar;C:\Users\Kchiyoh\Documents\apache-maven-3.6.3-bin\LocalWareHouse\io\springfox\springfox-core\3.0.0\springfox-core-3.0.0.jar;C:\Users\Kchiyoh\Documents\apache-maven-3.6.3-bin\LocalWareHouse\io\springfox\springfox-data-rest\3.0.0\springfox-data-rest-3.0.0.jar;C:\Users\Kchiyoh\Documents\apache-maven-3.6.3-bin\LocalWareHouse\io\springfox\springfox-bean-validators\3.0.0\springfox-bean-validators-3.0.0.jar;C:\Users\Kchiyoh\Documents\apache-maven-3.6.3-bin\LocalWareHouse\com\fasterxml\classmate\1.5.1\classmate-1.5.1.jar;C:\Users\Kchiyoh\Documents\apache-maven-3.6.3-bin\LocalWareHouse\org\slf4j\slf4j-api\1.7.36\slf4j-api-1.7.36.jar;C:\Users\Kchiyoh\Documents\apache-maven-3.6.3-bin\LocalWareHouse\org\springframework\plugin\spring-plugin-core\2.0.0.RELEASE\spring-plugin-core-2.0.0.RELEASE.jar;C:\Users\Kchiyoh\Documents\apache-maven-3.6.3-bin\LocalWareHouse\org\springframework\plugin\spring-plugin-metadata\2.0.0.RELEASE\spring-plugin-metadata-2.0.0.RELEASE.jar;C:\Users\Kchiyoh\Documents\apache-maven-3.6.3-bin\LocalWareHouse\io\springfox\springfox-swagger2\3.0.0\springfox-swagger2-3.0.0.jar;C:\Users\Kchiyoh\Documents\apache-maven-3.6.3-bin\LocalWareHouse\io\springfox\springfox-spi\3.0.0\springfox-spi-3.0.0.jar;C:\Users\Kchiyoh\Documents\apache-maven-3.6.3-bin\LocalWareHouse\io\springfox\springfox-schema\3.0.0\springfox-schema-3.0.0.jar;C:\Users\Kchiyoh\Documents\apache-maven-3.6.3-bin\LocalWareHouse\io\springfox\springfox-swagger-common\3.0.0\springfox-swagger-common-3.0.0.jar;C:\Users\Kchiyoh\Documents\apache-maven-3.6.3-bin\LocalWareHouse\io\springfox\springfox-spring-web\3.0.0\springfox-spring-web-3.0.0.jar;C:\Users\Kchiyoh\Documents\apache-maven-3.6.3-bin\LocalWareHouse\io\github\classgraph\classgraph\4.8.83\classgraph-4.8.83.jar;C:\Users\Kchiyoh\Documents\apache-maven-3.6.3-bin\LocalWareHouse\io\springfox\springfox-spring-webmvc\3.0.0\springfox-spring-webmvc-3.0.0.jar;C:\Users\Kchiyoh\Documents\apache-maven-3.6.3-bin\LocalWareHouse\io\springfox\springfox-spring-webflux\3.0.0\springfox-spring-webflux-3.0.0.jar;C:\Users\Kchiyoh\Documents\apache-maven-3.6.3-bin\LocalWareHouse\io\swagger\swagger-annotations\1.5.20\swagger-annotations-1.5.20.jar;C:\Users\Kchiyoh\Documents\apache-maven-3.6.3-bin\LocalWareHouse\io\swagger\swagger-models\1.5.20\swagger-models-1.5.20.jar;C:\Users\Kchiyoh\Documents\apache-maven-3.6.3-bin\LocalWareHouse\org\mapstruct\mapstruct\1.3.1.Final\mapstruct-1.3.1.Final.jar;C:\Users\Kchiyoh\Documents\apache-maven-3.6.3-bin\LocalWareHouse\io\springfox\springfox-swagger-ui\3.0.0\springfox-swagger-ui-3.0.0.jar;"/>
    <property name="java.vm.vendor" value="Amazon.com Inc."/>
    <property name="sun.arch.data.model" value="64"/>
    <property name="user.variant" value=""/>
    <property name="java.vendor.url" value="https://aws.amazon.com/corretto/"/>
    <property name="user.timezone" value="Europe/London"/>
    <property name="java.vm.specification.version" value="1.8"/>
    <property name="os.name" value="Windows 10"/>
    <property name="user.country" value="CN"/>
    <property name="sun.java.launcher" value="SUN_STANDARD"/>
    <property name="sun.boot.library.path" value="C:\Users\Kchiyoh\.jdks\corretto-1.8.0_322\jre\bin"/>
    <property name="sun.java.command" value="C:\Users\Kchiyoh\AppData\Local\Temp\surefire5614200922545115921\surefirebooter5438525853411698346.jar C:\Users\Kchiyoh\AppData\Local\Temp\surefire5614200922545115921 2023-04-23T19-21-47_527-jvmRun1 surefire7999657937831117448tmp surefire_08526476949121045427tmp"/>
    <property name="surefire.test.class.path" value="F:\UCL_CS\4\COMP0138\ibm-psm-with-watson\springboot\target\test-classes;F:\UCL_CS\4\COMP0138\ibm-psm-with-watson\springboot\target\classes;C:\Users\Kchiyoh\Documents\apache-maven-3.6.3-bin\LocalWareHouse\org\springframework\boot\spring-boot-starter-web\2.7.1\spring-boot-starter-web-2.7.1.jar;C:\Users\Kchiyoh\Documents\apache-maven-3.6.3-bin\LocalWareHouse\org\springframework\boot\spring-boot-starter\2.7.1\spring-boot-starter-2.7.1.jar;C:\Users\Kchiyoh\Documents\apache-maven-3.6.3-bin\LocalWareHouse\org\springframework\boot\spring-boot-starter-logging\2.7.1\spring-boot-starter-logging-2.7.1.jar;C:\Users\Kchiyoh\Documents\apache-maven-3.6.3-bin\LocalWareHouse\ch\qos\logback\logback-classic\1.2.11\logback-classic-1.2.11.jar;C:\Users\Kchiyoh\Documents\apache-maven-3.6.3-bin\LocalWareHouse\ch\qos\logback\logback-core\1.2.11\logback-core-1.2.11.jar;C:\Users\Kchiyoh\Documents\apache-maven-3.6.3-bin\LocalWareHouse\org\apache\logging\log4j\log4j-to-slf4j\2.17.2\log4j-to-slf4j-2.17.2.jar;C:\Users\Kchiyoh\Documents\apache-maven-3.6.3-bin\LocalWareHouse\org\apache\logging\log4j\log4j-api\2.17.2\log4j-api-2.17.2.jar;C:\Users\Kchiyoh\Documents\apache-maven-3.6.3-bin\LocalWareHouse\org\slf4j\jul-to-slf4j\1.7.36\jul-to-slf4j-1.7.36.jar;C:\Users\Kchiyoh\Documents\apache-maven-3.6.3-bin\LocalWareHouse\jakarta\annotation\jakarta.annotation-api\1.3.5\jakarta.annotation-api-1.3.5.jar;C:\Users\Kchiyoh\Documents\apache-maven-3.6.3-bin\LocalWareHouse\org\yaml\snakeyaml\1.30\snakeyaml-1.30.jar;C:\Users\Kchiyoh\Documents\apache-maven-3.6.3-bin\LocalWareHouse\org\springframework\boot\spring-boot-starter-json\2.7.1\spring-boot-starter-json-2.7.1.jar;C:\Users\Kchiyoh\Documents\apache-maven-3.6.3-bin\LocalWareHouse\com\fasterxml\jackson\datatype\jackson-datatype-jdk8\2.13.3\jackson-datatype-jdk8-2.13.3.jar;C:\Users\Kchiyoh\Documents\apache-maven-3.6.3-bin\LocalWareHouse\com\fasterxml\jackson\datatype\jackson-datatype-jsr310\2.13.3\jackson-datatype-jsr310-2.13.3.jar;C:\Users\Kchiyoh\Documents\apache-maven-3.6.3-bin\LocalWareHouse\com\fasterxml\jackson\module\jackson-module-parameter-names\2.13.3\jackson-module-parameter-names-2.13.3.jar;C:\Users\Kchiyoh\Documents\apache-maven-3.6.3-bin\LocalWareHouse\org\springframework\boot\spring-boot-starter-tomcat\2.7.1\spring-boot-starter-tomcat-2.7.1.jar;C:\Users\Kchiyoh\Documents\apache-maven-3.6.3-bin\LocalWareHouse\org\apache\tomcat\embed\tomcat-embed-core\9.0.64\tomcat-embed-core-9.0.64.jar;C:\Users\Kchiyoh\Documents\apache-maven-3.6.3-bin\LocalWareHouse\org\apache\tomcat\embed\tomcat-embed-el\9.0.64\tomcat-embed-el-9.0.64.jar;C:\Users\Kchiyoh\Documents\apache-maven-3.6.3-bin\LocalWareHouse\org\apache\tomcat\embed\tomcat-embed-websocket\9.0.64\tomcat-embed-websocket-9.0.64.jar;C:\Users\Kchiyoh\Documents\apache-maven-3.6.3-bin\LocalWareHouse\org\springframework\spring-web\5.3.21\spring-web-5.3.21.jar;C:\Users\Kchiyoh\Documents\apache-maven-3.6.3-bin\LocalWareHouse\org\springframework\spring-beans\5.3.21\spring-beans-5.3.21.jar;C:\Users\Kchiyoh\Documents\apache-maven-3.6.3-bin\LocalWareHouse\org\springframework\spring-webmvc\5.3.21\spring-webmvc-5.3.21.jar;C:\Users\Kchiyoh\Documents\apache-maven-3.6.3-bin\LocalWareHouse\org\springframework\spring-aop\5.3.21\spring-aop-5.3.21.jar;C:\Users\Kchiyoh\Documents\apache-maven-3.6.3-bin\LocalWareHouse\org\springframework\spring-context\5.3.21\spring-context-5.3.21.jar;C:\Users\Kchiyoh\Documents\apache-maven-3.6.3-bin\LocalWareHouse\org\springframework\spring-expression\5.3.21\spring-expression-5.3.21.jar;C:\Users\Kchiyoh\Documents\apache-maven-3.6.3-bin\LocalWareHouse\org\springframework\boot\spring-boot-starter-freemarker\2.7.1\spring-boot-starter-freemarker-2.7.1.jar;C:\Users\Kchiyoh\Documents\apache-maven-3.6.3-bin\LocalWareHouse\org\freemarker\freemarker\2.3.31\freemarker-2.3.31.jar;C:\Users\Kchiyoh\Documents\apache-maven-3.6.3-bin\LocalWareHouse\org\springframework\spring-context-support\5.3.21\spring-context-support-5.3.21.jar;C:\Users\Kchiyoh\Documents\apache-maven-3.6.3-bin\LocalWareHouse\org\springframework\boot\spring-boot-starter-test\2.7.1\spring-boot-starter-test-2.7.1.jar;C:\Users\Kchiyoh\Documents\apache-maven-3.6.3-bin\LocalWareHouse\org\springframework\boot\spring-boot-test\2.7.1\spring-boot-test-2.7.1.jar;C:\Users\Kchiyoh\Documents\apache-maven-3.6.3-bin\LocalWareHouse\org\springframework\boot\spring-boot-test-autoconfigure\2.7.1\spring-boot-test-autoconfigure-2.7.1.jar;C:\Users\Kchiyoh\Documents\apache-maven-3.6.3-bin\LocalWareHouse\com\jayway\jsonpath\json-path\2.7.0\json-path-2.7.0.jar;C:\Users\Kchiyoh\Documents\apache-maven-3.6.3-bin\LocalWareHouse\net\minidev\json-smart\2.4.8\json-smart-2.4.8.jar;C:\Users\Kchiyoh\Documents\apache-maven-3.6.3-bin\LocalWareHouse\net\minidev\accessors-smart\2.4.8\accessors-smart-2.4.8.jar;C:\Users\Kchiyoh\Documents\apache-maven-3.6.3-bin\LocalWareHouse\org\ow2\asm\asm\9.1\asm-9.1.jar;C:\Users\Kchiyoh\Documents\apache-maven-3.6.3-bin\LocalWareHouse\jakarta\xml\bind\jakarta.xml.bind-api\2.3.3\jakarta.xml.bind-api-2.3.3.jar;C:\Users\Kchiyoh\Documents\apache-maven-3.6.3-bin\LocalWareHouse\jakarta\activation\jakarta.activation-api\1.2.2\jakarta.activation-api-1.2.2.jar;C:\Users\Kchiyoh\Documents\apache-maven-3.6.3-bin\LocalWareHouse\org\assertj\assertj-core\3.22.0\assertj-core-3.22.0.jar;C:\Users\Kchiyoh\Documents\apache-maven-3.6.3-bin\LocalWareHouse\org\hamcrest\hamcrest\2.2\hamcrest-2.2.jar;C:\Users\Kchiyoh\Documents\apache-maven-3.6.3-bin\LocalWareHouse\org\junit\jupiter\junit-jupiter\5.8.2\junit-jupiter-5.8.2.jar;C:\Users\Kchiyoh\Documents\apache-maven-3.6.3-bin\LocalWareHouse\org\junit\jupiter\junit-jupiter-api\5.8.2\junit-jupiter-api-5.8.2.jar;C:\Users\Kchiyoh\Documents\apache-maven-3.6.3-bin\LocalWareHouse\org\opentest4j\opentest4j\1.2.0\opentest4j-1.2.0.jar;C:\Users\Kchiyoh\Documents\apache-maven-3.6.3-bin\LocalWareHouse\org\junit\platform\junit-platform-commons\1.8.2\junit-platform-commons-1.8.2.jar;C:\Users\Kchiyoh\Documents\apache-maven-3.6.3-bin\LocalWareHouse\org\apiguardian\apiguardian-api\1.1.2\apiguardian-api-1.1.2.jar;C:\Users\Kchiyoh\Documents\apache-maven-3.6.3-bin\LocalWareHouse\org\junit\jupiter\junit-jupiter-params\5.8.2\junit-jupiter-params-5.8.2.jar;C:\Users\Kchiyoh\Documents\apache-maven-3.6.3-bin\LocalWareHouse\org\junit\jupiter\junit-jupiter-engine\5.8.2\junit-jupiter-engine-5.8.2.jar;C:\Users\Kchiyoh\Documents\apache-maven-3.6.3-bin\LocalWareHouse\org\junit\platform\junit-platform-engine\1.8.2\junit-platform-engine-1.8.2.jar;C:\Users\Kchiyoh\Documents\apache-maven-3.6.3-bin\LocalWareHouse\org\mockito\mockito-core\4.5.1\mockito-core-4.5.1.jar;C:\Users\Kchiyoh\Documents\apache-maven-3.6.3-bin\LocalWareHouse\net\bytebuddy\byte-buddy\1.12.11\byte-buddy-1.12.11.jar;C:\Users\Kchiyoh\Documents\apache-maven-3.6.3-bin\LocalWareHouse\net\bytebuddy\byte-buddy-agent\1.12.11\byte-buddy-agent-1.12.11.jar;C:\Users\Kchiyoh\Documents\apache-maven-3.6.3-bin\LocalWareHouse\org\objenesis\objenesis\3.2\objenesis-3.2.jar;C:\Users\Kchiyoh\Documents\apache-maven-3.6.3-bin\LocalWareHouse\org\mockito\mockito-junit-jupiter\4.5.1\mockito-junit-jupiter-4.5.1.jar;C:\Users\Kchiyoh\Documents\apache-maven-3.6.3-bin\LocalWareHouse\org\skyscreamer\jsonassert\1.5.0\jsonassert-1.5.0.jar;C:\Users\Kchiyoh\Documents\apache-maven-3.6.3-bin\LocalWareHouse\com\vaadin\external\google\android-json\0.0.20131108.vaadin1\android-json-0.0.20131108.vaadin1.jar;C:\Users\Kchiyoh\Documents\apache-maven-3.6.3-bin\LocalWareHouse\org\springframework\spring-core\5.3.21\spring-core-5.3.21.jar;C:\Users\Kchiyoh\Documents\apache-maven-3.6.3-bin\LocalWareHouse\org\springframework\spring-jcl\5.3.21\spring-jcl-5.3.21.jar;C:\Users\Kchiyoh\Documents\apache-maven-3.6.3-bin\LocalWareHouse\org\springframework\spring-test\5.3.21\spring-test-5.3.21.jar;C:\Users\Kchiyoh\Documents\apache-maven-3.6.3-bin\LocalWareHouse\org\xmlunit\xmlunit-core\2.9.0\xmlunit-core-2.9.0.jar;C:\Users\Kchiyoh\Documents\apache-maven-3.6.3-bin\LocalWareHouse\org\springframework\boot\spring-boot-devtools\2.7.1\spring-boot-devtools-2.7.1.jar;C:\Users\Kchiyoh\Documents\apache-maven-3.6.3-bin\LocalWareHouse\org\springframework\boot\spring-boot\2.7.1\spring-boot-2.7.1.jar;C:\Users\Kchiyoh\Documents\apache-maven-3.6.3-bin\LocalWareHouse\org\springframework\boot\spring-boot-autoconfigure\2.7.1\spring-boot-autoconfigure-2.7.1.jar;C:\Users\Kchiyoh\Documents\apache-maven-3.6.3-bin\LocalWareHouse\org\springframework\boot\spring-boot-configuration-processor\2.7.1\spring-boot-configuration-processor-2.7.1.jar;C:\Users\Kchiyoh\Documents\apache-maven-3.6.3-bin\LocalWareHouse\org\projectlombok\lombok\1.18.24\lombok-1.18.24.jar;C:\Users\Kchiyoh\Documents\apache-maven-3.6.3-bin\LocalWareHouse\cn\hutool\hutool-all\5.8.11\hutool-all-5.8.11.jar;C:\Users\Kchiyoh\Documents\apache-maven-3.6.3-bin\LocalWareHouse\com\squareup\okhttp3\okhttp\4.10.0\okhttp-4.10.0.jar;C:\Users\Kchiyoh\Documents\apache-maven-3.6.3-bin\LocalWareHouse\com\squareup\okio\okio-jvm\3.0.0\okio-jvm-3.0.0.jar;C:\Users\Kchiyoh\Documents\apache-maven-3.6.3-bin\LocalWareHouse\org\jetbrains\kotlin\kotlin-stdlib-jdk8\1.6.21\kotlin-stdlib-jdk8-1.6.21.jar;C:\Users\Kchiyoh\Documents\apache-maven-3.6.3-bin\LocalWareHouse\org\jetbrains\kotlin\kotlin-stdlib-jdk7\1.6.21\kotlin-stdlib-jdk7-1.6.21.jar;C:\Users\Kchiyoh\Documents\apache-maven-3.6.3-bin\LocalWareHouse\org\jetbrains\kotlin\kotlin-stdlib-common\1.6.21\kotlin-stdlib-common-1.6.21.jar;C:\Users\Kchiyoh\Documents\apache-maven-3.6.3-bin\LocalWareHouse\org\jetbrains\kotlin\kotlin-stdlib\1.6.21\kotlin-stdlib-1.6.21.jar;C:\Users\Kchiyoh\Documents\apache-maven-3.6.3-bin\LocalWareHouse\org\jetbrains\annotations\13.0\annotations-13.0.jar;C:\Users\Kchiyoh\Documents\apache-maven-3.6.3-bin\LocalWareHouse\com\auth0\java-jwt\4.2.1\java-jwt-4.2.1.jar;C:\Users\Kchiyoh\Documents\apache-maven-3.6.3-bin\LocalWareHouse\com\fasterxml\jackson\core\jackson-databind\2.13.3\jackson-databind-2.13.3.jar;C:\Users\Kchiyoh\Documents\apache-maven-3.6.3-bin\LocalWareHouse\com\fasterxml\jackson\core\jackson-annotations\2.13.3\jackson-annotations-2.13.3.jar;C:\Users\Kchiyoh\Documents\apache-maven-3.6.3-bin\LocalWareHouse\com\fasterxml\jackson\core\jackson-core\2.13.3\jackson-core-2.13.3.jar;C:\Users\Kchiyoh\Documents\apache-maven-3.6.3-bin\LocalWareHouse\io\jsonwebtoken\jjwt\0.9.1\jjwt-0.9.1.jar;C:\Users\Kchiyoh\Documents\apache-maven-3.6.3-bin\LocalWareHouse\com\sun\mail\javax.mail\1.6.2\javax.mail-1.6.2.jar;C:\Users\Kchiyoh\Documents\apache-maven-3.6.3-bin\LocalWareHouse\javax\activation\activation\1.1\activation-1.1.jar;C:\Users\Kchiyoh\Documents\apache-maven-3.6.3-bin\LocalWareHouse\com\ibm\watson\ibm-watson\10.1.0\ibm-watson-10.1.0.jar;C:\Users\Kchiyoh\Documents\apache-maven-3.6.3-bin\LocalWareHouse\com\ibm\watson\assistant\10.1.0\assistant-10.1.0.jar;C:\Users\Kchiyoh\Documents\apache-maven-3.6.3-bin\LocalWareHouse\com\ibm\cloud\sdk-core\9.17.3\sdk-core-9.17.3.jar;C:\Users\Kchiyoh\Documents\apache-maven-3.6.3-bin\LocalWareHouse\com\squareup\okhttp3\logging-interceptor\4.9.3\logging-interceptor-4.9.3.jar;C:\Users\Kchiyoh\Documents\apache-maven-3.6.3-bin\LocalWareHouse\com\squareup\okhttp3\okhttp-urlconnection\4.9.3\okhttp-urlconnection-4.9.3.jar;C:\Users\Kchiyoh\Documents\apache-maven-3.6.3-bin\LocalWareHouse\commons-codec\commons-codec\1.15\commons-codec-1.15.jar;C:\Users\Kchiyoh\Documents\apache-maven-3.6.3-bin\LocalWareHouse\commons-io\commons-io\2.7\commons-io-2.7.jar;C:\Users\Kchiyoh\Documents\apache-maven-3.6.3-bin\LocalWareHouse\org\apache\commons\commons-lang3\3.12.0\commons-lang3-3.12.0.jar;C:\Users\Kchiyoh\Documents\apache-maven-3.6.3-bin\LocalWareHouse\com\google\guava\guava\30.1.1-jre\guava-30.1.1-jre.jar;C:\Users\Kchiyoh\Documents\apache-maven-3.6.3-bin\LocalWareHouse\com\google\guava\failureaccess\1.0.1\failureaccess-1.0.1.jar;C:\Users\Kchiyoh\Documents\apache-maven-3.6.3-bin\LocalWareHouse\com\google\guava\listenablefuture\9999.0-empty-to-avoid-conflict-with-guava\listenablefuture-9999.0-empty-to-avoid-conflict-with-guava.jar;C:\Users\Kchiyoh\Documents\apache-maven-3.6.3-bin\LocalWareHouse\com\google\code\findbugs\jsr305\3.0.2\jsr305-3.0.2.jar;C:\Users\Kchiyoh\Documents\apache-maven-3.6.3-bin\LocalWareHouse\org\checkerframework\checker-qual\3.8.0\checker-qual-3.8.0.jar;C:\Users\Kchiyoh\Documents\apache-maven-3.6.3-bin\LocalWareHouse\com\google\errorprone\error_prone_annotations\2.5.1\error_prone_annotations-2.5.1.jar;C:\Users\Kchiyoh\Documents\apache-maven-3.6.3-bin\LocalWareHouse\com\google\j2objc\j2objc-annotations\1.3\j2objc-annotations-1.3.jar;C:\Users\Kchiyoh\Documents\apache-maven-3.6.3-bin\LocalWareHouse\com\google\code\gson\gson\2.9.0\gson-2.9.0.jar;C:\Users\Kchiyoh\Documents\apache-maven-3.6.3-bin\LocalWareHouse\io\reactivex\rxjava2\rxjava\2.2.21\rxjava-2.2.21.jar;C:\Users\Kchiyoh\Documents\apache-maven-3.6.3-bin\LocalWareHouse\org\reactivestreams\reactive-streams\1.0.4\reactive-streams-1.0.4.jar;C:\Users\Kchiyoh\Documents\apache-maven-3.6.3-bin\LocalWareHouse\com\ibm\watson\common\10.1.0\common-10.1.0.jar;C:\Users\Kchiyoh\Documents\apache-maven-3.6.3-bin\LocalWareHouse\com\ibm\watson\discovery\10.1.0\discovery-10.1.0.jar;C:\Users\Kchiyoh\Documents\apache-maven-3.6.3-bin\LocalWareHouse\com\ibm\watson\language-translator\10.1.0\language-translator-10.1.0.jar;C:\Users\Kchiyoh\Documents\apache-maven-3.6.3-bin\LocalWareHouse\com\ibm\watson\natural-language-understanding\10.1.0\natural-language-understanding-10.1.0.jar;C:\Users\Kchiyoh\Documents\apache-maven-3.6.3-bin\LocalWareHouse\com\ibm\watson\speech-to-text\10.1.0\speech-to-text-10.1.0.jar;C:\Users\Kchiyoh\Documents\apache-maven-3.6.3-bin\LocalWareHouse\com\ibm\watson\text-to-speech\10.1.0\text-to-speech-10.1.0.jar;C:\Users\Kchiyoh\Documents\apache-maven-3.6.3-bin\LocalWareHouse\io\springfox\springfox-boot-starter\3.0.0\springfox-boot-starter-3.0.0.jar;C:\Users\Kchiyoh\Documents\apache-maven-3.6.3-bin\LocalWareHouse\io\springfox\springfox-oas\3.0.0\springfox-oas-3.0.0.jar;C:\Users\Kchiyoh\Documents\apache-maven-3.6.3-bin\LocalWareHouse\io\swagger\core\v3\swagger-annotations\2.1.2\swagger-annotations-2.1.2.jar;C:\Users\Kchiyoh\Documents\apache-maven-3.6.3-bin\LocalWareHouse\io\swagger\core\v3\swagger-models\2.1.2\swagger-models-2.1.2.jar;C:\Users\Kchiyoh\Documents\apache-maven-3.6.3-bin\LocalWareHouse\io\springfox\springfox-core\3.0.0\springfox-core-3.0.0.jar;C:\Users\Kchiyoh\Documents\apache-maven-3.6.3-bin\LocalWareHouse\io\springfox\springfox-data-rest\3.0.0\springfox-data-rest-3.0.0.jar;C:\Users\Kchiyoh\Documents\apache-maven-3.6.3-bin\LocalWareHouse\io\springfox\springfox-bean-validators\3.0.0\springfox-bean-validators-3.0.0.jar;C:\Users\Kchiyoh\Documents\apache-maven-3.6.3-bin\LocalWareHouse\com\fasterxml\classmate\1.5.1\classmate-1.5.1.jar;C:\Users\Kchiyoh\Documents\apache-maven-3.6.3-bin\LocalWareHouse\org\slf4j\slf4j-api\1.7.36\slf4j-api-1.7.36.jar;C:\Users\Kchiyoh\Documents\apache-maven-3.6.3-bin\LocalWareHouse\org\springframework\plugin\spring-plugin-core\2.0.0.RELEASE\spring-plugin-core-2.0.0.RELEASE.jar;C:\Users\Kchiyoh\Documents\apache-maven-3.6.3-bin\LocalWareHouse\org\springframework\plugin\spring-plugin-metadata\2.0.0.RELEASE\spring-plugin-metadata-2.0.0.RELEASE.jar;C:\Users\Kchiyoh\Documents\apache-maven-3.6.3-bin\LocalWareHouse\io\springfox\springfox-swagger2\3.0.0\springfox-swagger2-3.0.0.jar;C:\Users\Kchiyoh\Documents\apache-maven-3.6.3-bin\LocalWareHouse\io\springfox\springfox-spi\3.0.0\springfox-spi-3.0.0.jar;C:\Users\Kchiyoh\Documents\apache-maven-3.6.3-bin\LocalWareHouse\io\springfox\springfox-schema\3.0.0\springfox-schema-3.0.0.jar;C:\Users\Kchiyoh\Documents\apache-maven-3.6.3-bin\LocalWareHouse\io\springfox\springfox-swagger-common\3.0.0\springfox-swagger-common-3.0.0.jar;C:\Users\Kchiyoh\Documents\apache-maven-3.6.3-bin\LocalWareHouse\io\springfox\springfox-spring-web\3.0.0\springfox-spring-web-3.0.0.jar;C:\Users\Kchiyoh\Documents\apache-maven-3.6.3-bin\LocalWareHouse\io\github\classgraph\classgraph\4.8.83\classgraph-4.8.83.jar;C:\Users\Kchiyoh\Documents\apache-maven-3.6.3-bin\LocalWareHouse\io\springfox\springfox-spring-webmvc\3.0.0\springfox-spring-webmvc-3.0.0.jar;C:\Users\Kchiyoh\Documents\apache-maven-3.6.3-bin\LocalWareHouse\io\springfox\springfox-spring-webflux\3.0.0\springfox-spring-webflux-3.0.0.jar;C:\Users\Kchiyoh\Documents\apache-maven-3.6.3-bin\LocalWareHouse\io\swagger\swagger-annotations\1.5.20\swagger-annotations-1.5.20.jar;C:\Users\Kchiyoh\Documents\apache-maven-3.6.3-bin\LocalWareHouse\io\swagger\swagger-models\1.5.20\swagger-models-1.5.20.jar;C:\Users\Kchiyoh\Documents\apache-maven-3.6.3-bin\LocalWareHouse\org\mapstruct\mapstruct\1.3.1.Final\mapstruct-1.3.1.Final.jar;C:\Users\Kchiyoh\Documents\apache-maven-3.6.3-bin\LocalWareHouse\io\springfox\springfox-swagger-ui\3.0.0\springfox-swagger-ui-3.0.0.jar;"/>
    <property name="sun.cpu.endian" value="little"/>
    <property name="user.home" value="C:\Users\Kchiyoh"/>
    <property name="user.language" value="zh"/>
    <property name="java.specification.vendor" value="Oracle Corporation"/>
    <property name="java.home" value="C:\Users\Kchiyoh\.jdks\corretto-1.8.0_322\jre"/>
    <property name="basedir" value="F:\UCL_CS\4\COMP0138\ibm-psm-with-watson\springboot"/>
    <property name="file.separator" value="\"/>
    <property name="line.separator" value="&#10;"/>
    <property name="java.vm.specification.vendor" value="Oracle Corporation"/>
    <property name="java.specification.name" value="Java Platform API Specification"/>
    <property name="java.awt.graphicsenv" value="sun.awt.Win32GraphicsEnvironment"/>
    <property name="surefire.real.class.path" value="C:\Users\Kchiyoh\AppData\Local\Temp\surefire5614200922545115921\surefirebooter5438525853411698346.jar"/>
    <property name="sun.boot.class.path" value="C:\Users\Kchiyoh\.jdks\corretto-1.8.0_322\jre\lib\resources.jar;C:\Users\Kchiyoh\.jdks\corretto-1.8.0_322\jre\lib\rt.jar;C:\Users\Kchiyoh\.jdks\corretto-1.8.0_322\jre\lib\sunrsasign.jar;C:\Users\Kchiyoh\.jdks\corretto-1.8.0_322\jre\lib\jsse.jar;C:\Users\Kchiyoh\.jdks\corretto-1.8.0_322\jre\lib\jce.jar;C:\Users\Kchiyoh\.jdks\corretto-1.8.0_322\jre\lib\charsets.jar;C:\Users\Kchiyoh\.jdks\corretto-1.8.0_322\jre\lib\jfr.jar;C:\Users\Kchiyoh\.jdks\corretto-1.8.0_322\jre\classes"/>
    <property name="user.script" value=""/>
    <property name="sun.management.compiler" value="HotSpot 64-Bit Tiered Compilers"/>
    <property name="java.runtime.version" value="1.8.0_322-b06"/>
    <property name="user.name" value="Kchiyoh"/>
    <property name="path.separator" value=";"/>
    <property name="os.version" value="10.0"/>
    <property name="java.endorsed.dirs" value="C:\Users\Kchiyoh\.jdks\corretto-1.8.0_322\jre\lib\endorsed"/>
    <property name="java.runtime.name" value="OpenJDK Runtime Environment"/>
    <property name="file.encoding" value="GBK"/>
    <property name="java.vm.name" value="OpenJDK 64-Bit Server VM"/>
    <property name="localRepository" value="C:\Users\Kchiyoh\Documents\apache-maven-3.6.3-bin\LocalWareHouse"/>
    <property name="java.vendor.url.bug" value="https://github.com/corretto/corretto-8/issues/"/>
    <property name="java.io.tmpdir" value="C:\Users\Kchiyoh\AppData\Local\Temp\"/>
    <property name="idea.version" value="2022.3.2"/>
    <property name="java.version" value="1.8.0_322"/>
    <property name="user.dir" value="F:\UCL_CS\4\COMP0138\ibm-psm-with-watson\springboot"/>
    <property name="os.arch" value="amd64"/>
    <property name="java.vm.specification.name" value="Java Virtual Machine Specification"/>
    <property name="java.awt.printerjob" value="sun.awt.windows.WPrinterJob"/>
    <property name="sun.os.patch.level" value=""/>
    <property name="java.library.path" value="C:\Users\Kchiyoh\.jdks\corretto-1.8.0_322\jre\bin;C:\WINDOWS\Sun\Java\bin;C:\WINDOWS\system32;C:\WINDOWS;C:\Program Files (x86)\Common Files\Oracle\Java\javapath;D:\PlasticSCM\server;D:\PlasticSCM\client;E:\Haskell\8.6.5\lib\extralibs\bin;E:\Haskell\8.6.5\bin;C:\WINDOWS\system32;C:\WINDOWS;C:\WINDOWS\System32\Wbem;C:\WINDOWS\System32\WindowsPowerShell\v1.0\;C:\WINDOWS\System32\OpenSSH\;C:\Program Files (x86)\IVI Foundation\VISA\WinNT\Bin;E:\ROBOGU~1\Shared\UTILIT~1;E:\ROBOGU~1\WinOLPC\bin;E:\Haskell\8.6.5\mingw\bin;E:\ENGF0002-2019\2\venv\Scripts;C:\Users\Kchiyoh\Documents\apache-maven-3.6.3-bin;C:\Program Files\Git\cmd;C:\Users\Kchiyoh\Documents\apache-maven-3.6.3-bin\apache-maven-3.6.3\bin;C:\Program Files\nodejs\;C:\Program Files\MySQL\MySQL Server 8.0\bin;D:\matlab\bin;D:\texlive\2021\bin\win32;D:\Xshell\;D:\Xftp\;C:\Program Files (x86)\NVIDIA Corporation\PhysX\Common;C:\Program Files\NVIDIA Corporation\NVIDIA NvDLISR;C:\Users\Kchiyoh\AppData\Roaming\npm;F:\UCL_CS\4\COMP0138\ibm-psm-with-watson\;C:\Program Files\Java\jdk1.8.0_351\bin;C:\Program Files (x86)\Java\jdk1.8.0_351\bin;D:\curl\curl-7.86.0_2-win64-mingw\bin;C:\Program Files\Docker\Docker\resources\bin;C:\cygwin64\bin;C:\Program Files\Go\bin;F:\go;C:\Program Files\dotnet\;C:\Program Files\Microsoft SQL Server\150\Tools\Binn\;C:\Program Files\Microsoft SQL Server\Client SDK\ODBC\170\Tools\Binn\;C:\Users\Kchiyoh\Anaconda3;C:\Users\Kchiyoh\Anaconda3\Library\mingw-w64\bin;C:\Users\Kchiyoh\Anaconda3\Library\usr\bin;C:\Users\Kchiyoh\Anaconda3\Library\bin;C:\Users\Kchiyoh\Anaconda3\Scripts;C:\Users\Kchiyoh\AppData\Local\Programs\Python\Python39\Scripts\;C:\Users\Kchiyoh\AppData\Local\Programs\Python\Python39\;C:\Users\Kchiyoh\AppData\Roaming\local\bin;C:\Users\Kchiyoh\AppData\Local\Microsoft\WindowsApps;C:\Users\Kchiyoh\AppData\Local\Programs\Microsoft VS Code\bin;E:\CLion 2019.2.2\bin;E:\IntelliJ IDEA 2019.2.3\bin;E:\PyCharm 2019.2.3\bin;C:\Users\Kchiyoh\AppData\Local\GitHubDesktop\bin;C:\Program Files\JetBrains\PyCharm 2021.2.2\bin;D:\DataGrip 2020.2.2\bin;C:\Users\Kchiyoh\AppData\Local\Microsoft\WindowsApps;C:\Users\Kchiyoh\AppData\Roaming\npm;C:\Program Files\CMake\bin;C:\Users\Kchiyoh\AppData\Local\JetBrains\Toolbox\scripts;C:\Users\Kchiyoh\go\bin;C:\Users\Kchiyoh\.dotnet\tools;."/>
    <property name="java.vm.info" value="mixed mode"/>
    <property name="java.vendor" value="Amazon.com Inc."/>
    <property name="java.vm.version" value="25.322-b06"/>
    <property name="java.ext.dirs" value="C:\Users\Kchiyoh\.jdks\corretto-1.8.0_322\jre\lib\ext;C:\WINDOWS\Sun\Java\lib\ext"/>
    <property name="sun.io.unicode.encoding" value="UnicodeLittle"/>
    <property name="java.class.version" value="52.0"/>
  </properties>
  <testcase name="getResponse" classname="ucl.ac.uk.ibmpsmwithwatson.service.AssistantServiceTest" time="12.127">
    <error message="I/O error on POST request for &quot;http://43.157.89.132:18080/graph/mygraph/query&quot;: connect timed out; nested exception is java.net.SocketTimeoutException: connect timed out" type="org.springframework.web.client.ResourceAccessException">org.springframework.web.client.ResourceAccessException: I/O error on POST request for "http://43.157.89.132:18080/graph/mygraph/query": connect timed out; nested exception is java.net.SocketTimeoutException: connect timed out
	at ucl.ac.uk.ibmpsmwithwatson.service.AssistantServiceTest.getResponse(AssistantServiceTest.java:18)
Caused by: java.net.SocketTimeoutException: connect timed out
	at ucl.ac.uk.ibmpsmwithwatson.service.AssistantServiceTest.getResponse(AssistantServiceTest.java:18)
</error>
    <system-out><![CDATA[19:21:50.003 [main] DEBUG org.springframework.test.context.BootstrapUtils - Instantiating CacheAwareContextLoaderDelegate from class [org.springframework.test.context.cache.DefaultCacheAwareContextLoaderDelegate]
19:21:50.030 [main] DEBUG org.springframework.test.context.BootstrapUtils - Instantiating BootstrapContext using constructor [public org.springframework.test.context.support.DefaultBootstrapContext(java.lang.Class,org.springframework.test.context.CacheAwareContextLoaderDelegate)]
19:21:50.124 [main] DEBUG org.springframework.test.context.BootstrapUtils - Instantiating TestContextBootstrapper for test class [ucl.ac.uk.ibmpsmwithwatson.service.AssistantServiceTest] from class [org.springframework.boot.test.context.SpringBootTestContextBootstrapper]
19:21:50.153 [main] INFO org.springframework.boot.test.context.SpringBootTestContextBootstrapper - Neither @ContextConfiguration nor @ContextHierarchy found for test class [ucl.ac.uk.ibmpsmwithwatson.service.AssistantServiceTest], using SpringBootContextLoader
19:21:50.165 [main] DEBUG org.springframework.test.context.support.AbstractContextLoader - Did not detect default resource location for test class [ucl.ac.uk.ibmpsmwithwatson.service.AssistantServiceTest]: class path resource [ucl/ac/uk/ibmpsmwithwatson/service/AssistantServiceTest-context.xml] does not exist
19:21:50.166 [main] DEBUG org.springframework.test.context.support.AbstractContextLoader - Did not detect default resource location for test class [ucl.ac.uk.ibmpsmwithwatson.service.AssistantServiceTest]: class path resource [ucl/ac/uk/ibmpsmwithwatson/service/AssistantServiceTestContext.groovy] does not exist
19:21:50.167 [main] INFO org.springframework.test.context.support.AbstractContextLoader - Could not detect default resource locations for test class [ucl.ac.uk.ibmpsmwithwatson.service.AssistantServiceTest]: no resource found for suffixes {-context.xml, Context.groovy}.
19:21:50.169 [main] INFO org.springframework.test.context.support.AnnotationConfigContextLoaderUtils - Could not detect default configuration classes for test class [ucl.ac.uk.ibmpsmwithwatson.service.AssistantServiceTest]: AssistantServiceTest does not declare any static, non-private, non-final, nested classes annotated with @Configuration.
19:21:50.295 [main] DEBUG org.springframework.test.context.support.ActiveProfilesUtils - Could not find an 'annotation declaring class' for annotation type [org.springframework.test.context.ActiveProfiles] and class [ucl.ac.uk.ibmpsmwithwatson.service.AssistantServiceTest]
19:21:50.507 [main] DEBUG org.springframework.context.annotation.ClassPathScanningCandidateComponentProvider - Identified candidate component class: file [F:\UCL_CS\4\COMP0138\ibm-psm-with-watson\springboot\target\classes\ucl\ac\uk\ibmpsmwithwatson\IbmPsmWithWatsonApplication.class]
19:21:50.509 [main] INFO org.springframework.boot.test.context.SpringBootTestContextBootstrapper - Found @SpringBootConfiguration ucl.ac.uk.ibmpsmwithwatson.IbmPsmWithWatsonApplication for test class ucl.ac.uk.ibmpsmwithwatson.service.AssistantServiceTest
19:21:50.758 [main] DEBUG org.springframework.boot.test.context.SpringBootTestContextBootstrapper - @TestExecutionListeners is not present for class [ucl.ac.uk.ibmpsmwithwatson.service.AssistantServiceTest]: using defaults.
19:21:50.759 [main] INFO org.springframework.boot.test.context.SpringBootTestContextBootstrapper - Loaded default TestExecutionListener class names from location [META-INF/spring.factories]: [org.springframework.boot.test.mock.mockito.MockitoTestExecutionListener, org.springframework.boot.test.mock.mockito.ResetMocksTestExecutionListener, org.springframework.boot.test.autoconfigure.restdocs.RestDocsTestExecutionListener, org.springframework.boot.test.autoconfigure.web.client.MockRestServiceServerResetTestExecutionListener, org.springframework.boot.test.autoconfigure.web.servlet.MockMvcPrintOnlyOnFailureTestExecutionListener, org.springframework.boot.test.autoconfigure.web.servlet.WebDriverTestExecutionListener, org.springframework.boot.test.autoconfigure.webservices.client.MockWebServiceServerTestExecutionListener, org.springframework.test.context.web.ServletTestExecutionListener, org.springframework.test.context.support.DirtiesContextBeforeModesTestExecutionListener, org.springframework.test.context.event.ApplicationEventsTestExecutionListener, org.springframework.test.context.support.DependencyInjectionTestExecutionListener, org.springframework.test.context.support.DirtiesContextTestExecutionListener, org.springframework.test.context.transaction.TransactionalTestExecutionListener, org.springframework.test.context.jdbc.SqlScriptsTestExecutionListener, org.springframework.test.context.event.EventPublishingTestExecutionListener]
19:21:50.787 [main] DEBUG org.springframework.boot.test.context.SpringBootTestContextBootstrapper - Skipping candidate TestExecutionListener [org.springframework.test.context.transaction.TransactionalTestExecutionListener] due to a missing dependency. Specify custom listener classes or make the default listener classes and their required dependencies available. Offending class: [org/springframework/transaction/interceptor/TransactionAttributeSource]
19:21:50.788 [main] DEBUG org.springframework.boot.test.context.SpringBootTestContextBootstrapper - Skipping candidate TestExecutionListener [org.springframework.test.context.jdbc.SqlScriptsTestExecutionListener] due to a missing dependency. Specify custom listener classes or make the default listener classes and their required dependencies available. Offending class: [org/springframework/transaction/interceptor/TransactionAttribute]
19:21:50.789 [main] INFO org.springframework.boot.test.context.SpringBootTestContextBootstrapper - Using TestExecutionListeners: [org.springframework.test.context.web.ServletTestExecutionListener@4c163e3, org.springframework.test.context.support.DirtiesContextBeforeModesTestExecutionListener@4a8355dd, org.springframework.test.context.event.ApplicationEventsTestExecutionListener@4d0d9fe7, org.springframework.boot.test.mock.mockito.MockitoTestExecutionListener@c430e6c, org.springframework.boot.test.autoconfigure.SpringBootDependencyInjectionTestExecutionListener@312aa7c, org.springframework.test.context.support.DirtiesContextTestExecutionListener@536f2a7e, org.springframework.test.context.event.EventPublishingTestExecutionListener@72bc6553, org.springframework.boot.test.mock.mockito.ResetMocksTestExecutionListener@66982506, org.springframework.boot.test.autoconfigure.restdocs.RestDocsTestExecutionListener@70cf32e3, org.springframework.boot.test.autoconfigure.web.client.MockRestServiceServerResetTestExecutionListener@5a59ca5e, org.springframework.boot.test.autoconfigure.web.servlet.MockMvcPrintOnlyOnFailureTestExecutionListener@4bdeaabb, org.springframework.boot.test.autoconfigure.web.servlet.WebDriverTestExecutionListener@6c4906d3, org.springframework.boot.test.autoconfigure.webservices.client.MockWebServiceServerTestExecutionListener@65987993]
19:21:50.798 [main] DEBUG org.springframework.test.context.support.AbstractDirtiesContextTestExecutionListener - Before test class: context [DefaultTestContext@2ab4bc72 testClass = AssistantServiceTest, testInstance = [null], testMethod = [null], testException = [null], mergedContextConfiguration = [WebMergedContextConfiguration@4e5ed836 testClass = AssistantServiceTest, locations = '{}', classes = '{class ucl.ac.uk.ibmpsmwithwatson.IbmPsmWithWatsonApplication}', contextInitializerClasses = '[]', activeProfiles = '{}', propertySourceLocations = '{}', propertySourceProperties = '{org.springframework.boot.test.context.SpringBootTestContextBootstrapper=true}', contextCustomizers = set[org.springframework.boot.test.context.filter.ExcludeFilterContextCustomizer@747ddf94, org.springframework.boot.test.json.DuplicateJsonObjectContextCustomizerFactory$DuplicateJsonObjectContextCustomizer@6cf0e0ba, org.springframework.boot.test.mock.mockito.MockitoContextCustomizer@0, org.springframework.boot.test.web.client.TestRestTemplateContextCustomizer@5c6648b0, org.springframework.boot.test.autoconfigure.actuate.metrics.MetricsExportContextCustomizerFactory$DisableMetricExportContextCustomizer@368f2016, org.springframework.boot.test.autoconfigure.properties.PropertyMappingContextCustomizer@0, org.springframework.boot.test.autoconfigure.web.servlet.WebDriverContextCustomizerFactory$Customizer@5fe94a96, org.springframework.boot.test.context.SpringBootTestArgs@1, org.springframework.boot.test.context.SpringBootTestWebEnvironment@553f17c], resourceBasePath = 'src/main/webapp', contextLoader = 'org.springframework.boot.test.context.SpringBootContextLoader', parent = [null]], attributes = map['org.springframework.test.context.web.ServletTestExecutionListener.activateListener' -> true]], class annotated with @DirtiesContext [false] with mode [null].

  .   ____          _            __ _ _
 /\\ / ___'_ __ _ _(_)_ __  __ _ \ \ \ \
( ( )\___ | '_ | '_| | '_ \/ _` | \ \ \ \
 \\/  ___)| |_)| | | | | || (_| |  ) ) ) )
  '  |____| .__|_| |_|_| |_\__, | / / / /
 =========|_|==============|___/=/_/_/_/
 :: Spring Boot ::                (v2.7.1)

2023-04-23 19:21:51.659  INFO 21264 --- [           main] u.a.u.i.service.AssistantServiceTest     : Starting AssistantServiceTest using Java 1.8.0_322 on DESKTOP-P20IVTD with PID 21264 (started by Kchiyoh in F:\UCL_CS\4\COMP0138\ibm-psm-with-watson\springboot)
2023-04-23 19:21:51.662  INFO 21264 --- [           main] u.a.u.i.service.AssistantServiceTest     : No active profile set, falling back to 1 default profile: "default"
2023-04-23 19:22:01.430  INFO 21264 --- [           main] u.a.u.i.service.AssistantServiceTest     : Started AssistantServiceTest in 10.53 seconds (JVM running for 13.162)
]]></system-out>
  </testcase>
</testsuite>